<?xml version="1.0" encoding="UTF-8"?>
<!-- Generated by org.testng.reporters.JUnitReportReporter -->
<testsuite hostname="DESKTOP-56519KS" failures="0" tests="1" name="commavennewproject.MAVENPROJECT" time="0.014" errors="0" timestamp="2024-07-31T12:21:39 IST" skipped="0">
  <testcase classname="commavennewproject.MAVENPROJECT" name="checkloginpage1" time="0.014"/>
  <system-out/>
</testsuite> <!-- commavennewproject.MAVENPROJECT -->
